<?xml version="1.0" encoding="UTF-8"?>
<!-- Generated by org.testng.reporters.JUnitXMLReporter -->
<testsuite ignored="0" hostname="DESKTOP-ALK50C5" failures="1" tests="1" name="Test" time="78.463" errors="0" timestamp="2025-05-26T22:54:40 IST">
  <testcase classname="org.pom_TestCases.VerifyRegistrationOnly_Test" name="verify_Opd_registration" time="48.489">
    <failure type="org.openqa.selenium.ElementClickInterceptedException" message="element click intercepted: Element &amp;lt;input class=&amp;quot;native-input sc-ion-input-md&amp;quot; id=&amp;quot;ion-input-21&amp;quot; autocapitalize=&amp;quot;off&amp;quot; autocomplete=&amp;quot;off&amp;quot; autocorrect=&amp;quot;off&amp;quot; name=&amp;quot;Doctor*&amp;quot; placeholder=&amp;quot;&amp;quot; spellcheck=&amp;quot;false&amp;quot; type=&amp;quot;text&amp;quot;&amp;gt; is not clickable at point (716, 383). Other element would receive the click: &amp;lt;ion-backdrop class=&amp;quot;sc-ion-loading-md md backdrop-no-tappable hydrated&amp;quot; tabindex=&amp;quot;-1&amp;quot; aria-hidden=&amp;quot;true&amp;quot; style=&amp;quot;&amp;quot;&amp;gt;&amp;lt;/ion-backdrop&amp;gt;
  (Session info: chrome=136.0.7103.114)
Build info: version: &amp;apos;4.32.0&amp;apos;, revision: &amp;apos;d17c8aa950&amp;apos;
System info: os.name: &amp;apos;Windows 11&amp;apos;, os.arch: &amp;apos;amd64&amp;apos;, os.version: &amp;apos;10.0&amp;apos;, java.version: &amp;apos;21.0.5&amp;apos;
Driver info: org.openqa.selenium.chrome.ChromeDriver
Command: [b45f64327446f5a76a966f43c38c5d72, clickElement {id=f.29B3447CD5C61801961EAA1CB94A486F.d.30F5C00E7774DE229FC4404AD511C274.e.116}]
Capabilities {acceptInsecureCerts: false, browserName: chrome, browserVersion: 136.0.7103.114, chrome: {chromedriverVersion: 136.0.7103.113 (76fa3c17824..., userDataDir: C:\Users\Admin\AppData\Loca...}, fedcm:accounts: true, goog:chromeOptions: {debuggerAddress: localhost:61188}, networkConnectionEnabled: false, pageLoadStrategy: normal, platformName: windows, proxy: Proxy(), se:cdp: ws://localhost:61188/devtoo..., se:cdpVersion: 136.0.7103.114, setWindowRect: true, strictFileInteractability: false, timeouts: {implicit: 0, pageLoad: 300000, script: 30000}, unhandledPromptBehavior: dismiss and notify, webauthn:extension:credBlob: true, webauthn:extension:largeBlob: true, webauthn:extension:minPinLength: true, webauthn:extension:prf: true, webauthn:virtualAuthenticators: true}
Element: [[ChromeDriver: chrome on windows (b45f64327446f5a76a966f43c38c5d72)] -&amp;gt; xpath: //input[@name=&amp;apos;Doctor*&amp;apos; and contains(@id,&amp;apos;ion-input&amp;apos;)]]
Session ID: b45f64327446f5a76a966f43c38c5d72">
      <![CDATA[org.openqa.selenium.ElementClickInterceptedException: element click intercepted: Element <input class="native-input sc-ion-input-md" id="ion-input-21" autocapitalize="off" autocomplete="off" autocorrect="off" name="Doctor*" placeholder="" spellcheck="false" type="text"> is not clickable at point (716, 383). Other element would receive the click: <ion-backdrop class="sc-ion-loading-md md backdrop-no-tappable hydrated" tabindex="-1" aria-hidden="true" style=""></ion-backdrop>
  (Session info: chrome=136.0.7103.114)
Build info: version: '4.32.0', revision: 'd17c8aa950'
System info: os.name: 'Windows 11', os.arch: 'amd64', os.version: '10.0', java.version: '21.0.5'
Driver info: org.openqa.selenium.chrome.ChromeDriver
Command: [b45f64327446f5a76a966f43c38c5d72, clickElement {id=f.29B3447CD5C61801961EAA1CB94A486F.d.30F5C00E7774DE229FC4404AD511C274.e.116}]
Capabilities {acceptInsecureCerts: false, browserName: chrome, browserVersion: 136.0.7103.114, chrome: {chromedriverVersion: 136.0.7103.113 (76fa3c17824..., userDataDir: C:\Users\Admin\AppData\Loca...}, fedcm:accounts: true, goog:chromeOptions: {debuggerAddress: localhost:61188}, networkConnectionEnabled: false, pageLoadStrategy: normal, platformName: windows, proxy: Proxy(), se:cdp: ws://localhost:61188/devtoo..., se:cdpVersion: 136.0.7103.114, setWindowRect: true, strictFileInteractability: false, timeouts: {implicit: 0, pageLoad: 300000, script: 30000}, unhandledPromptBehavior: dismiss and notify, webauthn:extension:credBlob: true, webauthn:extension:largeBlob: true, webauthn:extension:minPinLength: true, webauthn:extension:prf: true, webauthn:virtualAuthenticators: true}
Element: [[ChromeDriver: chrome on windows (b45f64327446f5a76a966f43c38c5d72)] -> xpath: //input[@name='Doctor*' and contains(@id,'ion-input')]]
Session ID: b45f64327446f5a76a966f43c38c5d72
at org.openqa.selenium.remote.ErrorCodec.decode(ErrorCodec.java:167)
at org.openqa.selenium.remote.codec.w3c.W3CHttpResponseCodec.decode(W3CHttpResponseCodec.java:138)
at org.openqa.selenium.remote.codec.w3c.W3CHttpResponseCodec.decode(W3CHttpResponseCodec.java:50)
at org.openqa.selenium.remote.HttpCommandExecutor.execute(HttpCommandExecutor.java:215)
at org.openqa.selenium.remote.service.DriverCommandExecutor.invokeExecute(DriverCommandExecutor.java:216)
at org.openqa.selenium.remote.service.DriverCommandExecutor.execute(DriverCommandExecutor.java:174)
at org.openqa.selenium.remote.RemoteWebDriver.execute(RemoteWebDriver.java:545)
at org.openqa.selenium.remote.RemoteWebElement.execute(RemoteWebElement.java:223)
at org.openqa.selenium.remote.RemoteWebElement.click(RemoteWebElement.java:76)
at org.openqa.selenium.support.pagefactory.internal.LocatingElementHandler.invoke(LocatingElementHandler.java:51)
at jdk.proxy2/jdk.proxy2.$Proxy12.click(Unknown Source)
at org.pom_Pages.RegistrationPage.Doctor(RegistrationPage.java:306)
at org.pom_TestCases.VerifyRegistrationOnly_Test.verify_Opd_registration(VerifyRegistrationOnly_Test.java:32)
at java.base/java.util.ArrayList.forEach(ArrayList.java:1596)
... Removed 30 stack frames]]>
    </failure>
  </testcase> <!-- verify_Opd_registration -->
</testsuite> <!-- Test -->
